super_magic.cpp: In function ‘std::vector<std::unordered_map<int, std::pair<int, int> > > createSubgraph(std::vector<std::unordered_map<int, std::pair<int, int> > >&, const std::set<int>&)’:
super_magic.cpp:68:45: error: no match for ‘operator==’ (operand types are ‘std::unordered_map<int, std::pair<int, int> >::iterator {aka std::__detail::_Node_iterator<std::pair<const int, std::pair<int, int> >, false, false>}’ and ‘std::vector<std::unordered_map<int, std::pair<int, int> > >::iterator {aka __gnu_cxx::__normal_iterator<std::unordered_map<int, std::pair<int, int> >*, std::vector<std::unordered_map<int, std::pair<int, int> > > >}’)
             if (newAdjList[c.first].find(i) == newAdjList.end()) {
                                             ^
In file included from /usr/include/c++/5/set:62:0,
                 from super_magic.cpp:6:
/usr/include/c++/5/bits/stl_multiset.h:825:5: note: candidate: template<class _Key, class _Compare, class _Alloc> bool std::operator==(const std::multiset<_Key, _Compare, _Alloc>&, const std::multiset<_Key, _Compare, _Alloc>&)
     operator==(const multiset<_Key, _Compare, _Alloc>& __x,
     ^
/usr/include/c++/5/bits/stl_multiset.h:825:5: note:   template argument deduction/substitution failed:
super_magic.cpp:68:63: note:   ‘std::unordered_map<int, std::pair<int, int> >::iterator {aka std::__detail::_Node_iterator<std::pair<const int, std::pair<int, int> >, false, false>}’ is not derived from ‘const std::multiset<_Key, _Compare, _Alloc>’
             if (newAdjList[c.first].find(i) == newAdjList.end()) {
                                                               ^
In file included from /usr/include/c++/5/set:61:0,
                 from super_magic.cpp:6:
/usr/include/c++/5/bits/stl_set.h:842:5: note: candidate: template<class _Key, class _Compare, class _Alloc> bool std::operator==(const std::set<_Key, _Compare, _Alloc>&, const std::set<_Key, _Compare, _Alloc>&)
     operator==(const set<_Key, _Compare, _Alloc>& __x,
     ^
/usr/include/c++/5/bits/stl_set.h:842:5: note:   template argument deduction/substitution failed:
super_magic.cpp:68:63: note:   ‘std::unordered_map<int, std::pair<int, int> >::iterator {aka std::__detail::_Node_iterator<std::pair<const int, std::pair<int, int> >, false, false>}’ is not derived from ‘const std::set<_Key, _Compare, _Alloc>’
             if (newAdjList[c.first].find(i) == newAdjList.end()) {
                                                               ^
In file included from /usr/include/c++/5/set:60:0,
                 from super_magic.cpp:6:
/usr/include/c++/5/bits/stl_tree.h:1273:5: note: candidate: template<class _Key, class _Val, class _KeyOfValue, class _Compare, class _Alloc> bool std::operator==(const std::_Rb_tree<_Key, _Val, _KeyOfValue, _Compare, _Alloc>&, const std::_Rb_tree<_Key, _Val, _KeyOfValue, _Compare, _Alloc>&)
     operator==(const _Rb_tree<_Key, _Val, _KeyOfValue, _Compare, _Alloc>& __x,
     ^
/usr/include/c++/5/bits/stl_tree.h:1273:5: note:   template argument deduction/substitution failed:
super_magic.cpp:68:63: note:   ‘std::unordered_map<int, std::pair<int, int> >::iterator {aka std::__detail::_Node_iterator<std::pair<const int, std::pair<int, int> >, false, false>}’ is not derived from ‘const std::_Rb_tree<_Key, _Val, _KeyOfValue, _Compare, _Alloc>’
             if (newAdjList[c.first].find(i) == newAdjList.end()) {
                                                               ^
In file included from /usr/include/c++/5/set:60:0,
                 from super_magic.cpp:6:
/usr/include/c++/5/bits/stl_tree.h:324:5: note: candidate: template<class _Val> bool std::operator==(const std::_Rb_tree_iterator<_Tp>&, const std::_Rb_tree_const_iterator<_Val>&)
     operator==(const _Rb_tree_iterator<_Val>& __x,
     ^
/usr/include/c++/5/bits/stl_tree.h:324:5: note:   template argument deduction/substitution failed:
super_magic.cpp:68:63: note:   ‘std::unordered_map<int, std::pair<int, int> >::iterator {aka std::__detail::_Node_iterator<std::pair<const int, std::pair<int, int> >, false, false>}’ is not derived from ‘const std::_Rb_tree_iterator<_Tp>’
             if (newAdjList[c.first].find(i) == newAdjList.end()) {
                                                               ^
In file included from /usr/include/c++/5/queue:64:0,
                 from super_magic.cpp:5:
/usr/include/c++/5/bits/stl_queue.h:271:5: note: candidate: template<class _Tp, class _Seq> bool std::operator==(const std::queue<_Tp, _Seq>&, const std::queue<_Tp, _Seq>&)
     operator==(const queue<_Tp, _Seq>& __x, const queue<_Tp, _Seq>& __y)
     ^
/usr/include/c++/5/bits/stl_queue.h:271:5: note:   template argument deduction/substitution failed:
super_magic.cpp:68:63: note:   ‘std::unordered_map<int, std::pair<int, int> >::iterator {aka std::__detail::_Node_iterator<std::pair<const int, std::pair<int, int> >, false, false>}’ is not derived from ‘const std::queue<_Tp, _Seq>’
             if (newAdjList[c.first].find(i) == newAdjList.end()) {
                                                               ^
In file included from /usr/include/c++/5/deque:64:0,
                 from /usr/include/c++/5/queue:60,
                 from super_magic.cpp:5:
/usr/include/c++/5/bits/stl_deque.h:2220:5: note: candidate: template<class _Tp, class _Alloc> bool std::operator==(const std::deque<_Tp, _Alloc>&, const std::deque<_Tp, _Alloc>&)
     operator==(const deque<_Tp, _Alloc>& __x,
     ^
/usr/include/c++/5/bits/stl_deque.h:2220:5: note:   template argument deduction/substitution failed:
super_magic.cpp:68:63: note:   ‘std::unordered_map<int, std::pair<int, int> >::iterator {aka std::__detail::_Node_iterator<std::pair<const int, std::pair<int, int> >, false, false>}’ is not derived from ‘const std::deque<_Tp, _Alloc>’
             if (newAdjList[c.first].find(i) == newAdjList.end()) {
                                                               ^
In file included from /usr/include/c++/5/deque:64:0,
                 from /usr/include/c++/5/queue:60,
                 from super_magic.cpp:5:
/usr/include/c++/5/bits/stl_deque.h:272:5: note: candidate: template<class _Tp, class _RefL, class _PtrL, class _RefR, class _PtrR> bool std::operator==(const std::_Deque_iterator<_Tp, _Ref, _Ptr>&, const std::_Deque_iterator<_Tp, _RefR, _PtrR>&)
     operator==(const _Deque_iterator<_Tp, _RefL, _PtrL>& __x,
     ^
/usr/include/c++/5/bits/stl_deque.h:272:5: note:   template argument deduction/substitution failed:
super_magic.cpp:68:63: note:   ‘std::unordered_map<int, std::pair<int, int> >::iterator {aka std::__detail::_Node_iterator<std::pair<const int, std::pair<int, int> >, false, false>}’ is not derived from ‘const std::_Deque_iterator<_Tp, _Ref, _Ptr>’
             if (newAdjList[c.first].find(i) == newAdjList.end()) {
                                                               ^
In file included from /usr/include/c++/5/deque:64:0,
                 from /usr/include/c++/5/queue:60,
                 from super_magic.cpp:5:
/usr/include/c++/5/bits/stl_deque.h:265:5: note: candidate: template<class _Tp, class _Ref, class _Ptr> bool std::operator==(const std::_Deque_iterator<_Tp, _Ref, _Ptr>&, const std::_Deque_iterator<_Tp, _Ref, _Ptr>&)
     operator==(const _Deque_iterator<_Tp, _Ref, _Ptr>& __x,
     ^
/usr/include/c++/5/bits/stl_deque.h:265:5: note:   template argument deduction/substitution failed:
super_magic.cpp:68:63: note:   ‘std::unordered_map<int, std::pair<int, int> >::iterator {aka std::__detail::_Node_iterator<std::pair<const int, std::pair<int, int> >, false, false>}’ is not derived from ‘const std::_Deque_iterator<_Tp, _Ref, _Ptr>’
             if (newAdjList[c.first].find(i) == newAdjList.end()) {
                                                               ^
In file included from /usr/include/c++/5/bits/locale_facets.h:48:0,
                 from /usr/include/c++/5/bits/basic_ios.h:37,
                 from /usr/include/c++/5/ios:44,
                 from /usr/include/c++/5/ostream:38,
                 from /usr/include/c++/5/iostream:39,
                 from super_magic.cpp:3:
/usr/include/c++/5/bits/streambuf_iterator.h:204:5: note: candidate: template<class _CharT, class _Traits> bool std::operator==(const std::istreambuf_iterator<_CharT, _Traits>&, const std::istreambuf_iterator<_CharT, _Traits>&)
     operator==(const istreambuf_iterator<_CharT, _Traits>& __a,
     ^
/usr/include/c++/5/bits/streambuf_iterator.h:204:5: note:   template argument deduction/substitution failed:
super_magic.cpp:68:63: note:   ‘std::unordered_map<int, std::pair<int, int> >::iterator {aka std::__detail::_Node_iterator<std::pair<const int, std::pair<int, int> >, false, false>}’ is not derived from ‘const std::istreambuf_iterator<_CharT, _Traits>’
             if (newAdjList[c.first].find(i) == newAdjList.end()) {
                                                               ^
In file included from /usr/include/c++/5/bits/ios_base.h:46:0,
                 from /usr/include/c++/5/ios:42,
                 from /usr/include/c++/5/ostream:38,
                 from /usr/include/c++/5/iostream:39,
                 from super_magic.cpp:3:
/usr/include/c++/5/system_error:303:3: note: candidate: bool std::operator==(const std::error_condition&, const std::error_condition&)
   operator==(const error_condition& __lhs,
   ^
/usr/include/c++/5/system_error:303:3: note:   no known conversion for argument 1 from ‘std::unordered_map<int, std::pair<int, int> >::iterator {aka std::__detail::_Node_iterator<std::pair<const int, std::pair<int, int> >, false, false>}’ to ‘const std::error_condition&’
/usr/include/c++/5/system_error:296:3: note: candidate: bool std::operator==(const std::error_condition&, const std::error_code&)
   operator==(const error_condition& __lhs, const error_code& __rhs) noexcept
   ^
/usr/include/c++/5/system_error:296:3: note:   no known conversion for argument 1 from ‘std::unordered_map<int, std::pair<int, int> >::iterator {aka std::__detail::_Node_iterator<std::pair<const int, std::pair<int, int> >, false, false>}’ to ‘const std::error_condition&’
/usr/include/c++/5/system_error:289:3: note: candidate: bool std::operator==(const std::error_code&, const std::error_condition&)
   operator==(const error_code& __lhs, const error_condition& __rhs) noexcept
   ^
/usr/include/c++/5/system_error:289:3: note:   no known conversion for argument 1 from ‘std::unordered_map<int, std::pair<int, int> >::iterator {aka std::__detail::_Node_iterator<std::pair<const int, std::pair<int, int> >, false, false>}’ to ‘const std::error_code&’
/usr/include/c++/5/system_error:284:3: note: candidate: bool std::operator==(const std::error_code&, const std::error_code&)
   operator==(const error_code& __lhs, const error_code& __rhs) noexcept
   ^
/usr/include/c++/5/system_error:284:3: note:   no known conversion for argument 1 from ‘std::unordered_map<int, std::pair<int, int> >::iterator {aka std::__detail::_Node_iterator<std::pair<const int, std::pair<int, int> >, false, false>}’ to ‘const std::error_code&’
In file included from /usr/include/c++/5/random:51:0,
                 from /usr/include/c++/5/bits/stl_algo.h:66,
                 from /usr/include/c++/5/algorithm:62,
                 from super_magic.cpp:2:
/usr/include/c++/5/bits/random.tcc:1878:5: note: candidate: template<class _RealType1> bool std::operator==(const std::normal_distribution<_RealType>&, const std::normal_distribution<_RealType>&)
     operator==(const std::normal_distribution<_RealType>& __d1,
     ^
/usr/include/c++/5/bits/random.tcc:1878:5: note:   template argument deduction/substitution failed:
super_magic.cpp:68:63: note:   ‘std::unordered_map<int, std::pair<int, int> >::iterator {aka std::__detail::_Node_iterator<std::pair<const int, std::pair<int, int> >, false, false>}’ is not derived from ‘const std::normal_distribution<_RealType>’
             if (newAdjList[c.first].find(i) == newAdjList.end()) {
                                                               ^
In file included from /usr/include/c++/5/vector:64:0,
                 from /usr/include/c++/5/bits/random.h:34,
                 from /usr/include/c++/5/random:49,
                 from /usr/include/c++/5/bits/stl_algo.h:66,
                 from /usr/include/c++/5/algorithm:62,
                 from super_magic.cpp:2:
/usr/include/c++/5/bits/stl_vector.h:1511:5: note: candidate: template<class _Tp, class _Alloc> bool std::operator==(const std::vector<_Tp, _Alloc>&, const std::vector<_Tp, _Alloc>&)
     operator==(const vector<_Tp, _Alloc>& __x, const vector<_Tp, _Alloc>& __y)
     ^
/usr/include/c++/5/bits/stl_vector.h:1511:5: note:   template argument deduction/substitution failed:
super_magic.cpp:68:63: note:   ‘std::unordered_map<int, std::pair<int, int> >::iterator {aka std::__detail::_Node_iterator<std::pair<const int, std::pair<int, int> >, false, false>}’ is not derived from ‘const std::vector<_Tp, _Alloc>’
             if (newAdjList[c.first].find(i) == newAdjList.end()) {
                                                               ^
In file included from /usr/include/c++/5/unordered_map:48:0,
                 from super_magic.cpp:1:
/usr/include/c++/5/bits/unordered_map.h:1542:5: note: candidate: template<class _Key, class _Tp, class _Hash, class _Pred, class _Alloc> bool std::operator==(const std::unordered_multimap<_Key, _Tp, _Hash, _Pred, _Alloc>&, const std::unordered_multimap<_Key, _Tp, _Hash, _Pred, _Alloc>&)
     operator==(const unordered_multimap<_Key, _Tp, _Hash, _Pred, _Alloc>& __x,
     ^
/usr/include/c++/5/bits/unordered_map.h:1542:5: note:   template argument deduction/substitution failed:
super_magic.cpp:68:63: note:   ‘std::unordered_map<int, std::pair<int, int> >::iterator {aka std::__detail::_Node_iterator<std::pair<const int, std::pair<int, int> >, false, false>}’ is not derived from ‘const std::unordered_multimap<_Key, _Tp, _Hash, _Pred, _Alloc>’
             if (newAdjList[c.first].find(i) == newAdjList.end()) {
                                                               ^
In file included from /usr/include/c++/5/unordered_map:48:0,
                 from super_magic.cpp:1:
/usr/include/c++/5/bits/unordered_map.h:1530:5: note: candidate: template<class _Key, class _Tp, class _Hash, class _Pred, class _Alloc> bool std::operator==(const std::unordered_map<_Key, _Tp, _Hash, _Pred, _Alloc>&, const std::unordered_map<_Key, _Tp, _Hash, _Pred, _Alloc>&)
     operator==(const unordered_map<_Key, _Tp, _Hash, _Pred, _Alloc>& __x,
     ^
/usr/include/c++/5/bits/unordered_map.h:1530:5: note:   template argument deduction/substitution failed:
super_magic.cpp:68:63: note:   ‘std::unordered_map<int, std::pair<int, int> >::iterator {aka std::__detail::_Node_iterator<std::pair<const int, std::pair<int, int> >, false, false>}’ is not derived from ‘const std::unordered_map<_Key, _Tp, _Hash, _Pred, _Alloc>’
             if (newAdjList[c.first].find(i) == newAdjList.end()) {
                                                               ^
In file included from /usr/include/c++/5/unordered_map:41:0,
                 from super_magic.cpp:1:
/usr/include/c++/5/tuple:915:5: note: candidate: template<class ... _TElements, class ... _UElements> constexpr bool std::operator==(const std::tuple<_Elements ...>&, const std::tuple<_Elements ...>&)
     operator==(const tuple<_TElements...>& __t,
     ^
/usr/include/c++/5/tuple:915:5: note:   template argument deduction/substitution failed:
super_magic.cpp:68:63: note:   ‘std::unordered_map<int, std::pair<int, int> >::iterator {aka std::__detail::_Node_iterator<std::pair<const int, std::pair<int, int> >, false, false>}’ is not derived from ‘const std::tuple<_Elements ...>’
             if (newAdjList[c.first].find(i) == newAdjList.end()) {
                                                               ^
In file included from /usr/include/c++/5/tuple:39:0,
                 from /usr/include/c++/5/unordered_map:41,
                 from super_magic.cpp:1:
/usr/include/c++/5/array:240:5: note: candidate: template<class _Tp, long unsigned int _Nm> bool std::operator==(const std::array<_Tp, _Nm>&, const std::array<_Tp, _Nm>&)
     operator==(const array<_Tp, _Nm>& __one, const array<_Tp, _Nm>& __two)
     ^
/usr/include/c++/5/array:240:5: note:   template argument deduction/substitution failed:
super_magic.cpp:68:63: note:   ‘std::unordered_map<int, std::pair<int, int> >::iterator {aka std::__detail::_Node_iterator<std::pair<const int, std::pair<int, int> >, false, false>}’ is not derived from ‘const std::array<_Tp, _Nm>’
             if (newAdjList[c.first].find(i) == newAdjList.end()) {
                                                               ^
In file included from /usr/include/c++/5/string:52:0,
                 from /usr/include/c++/5/stdexcept:39,
                 from /usr/include/c++/5/array:38,
                 from /usr/include/c++/5/tuple:39,
                 from /usr/include/c++/5/unordered_map:41,
                 from super_magic.cpp:1:
/usr/include/c++/5/bits/basic_string.h:4937:5: note: candidate: template<class _CharT, class _Traits, class _Alloc> bool std::operator==(const std::__cxx11::basic_string<_CharT, _Traits, _Alloc>&, const _CharT*)
     operator==(const basic_string<_CharT, _Traits, _Alloc>& __lhs,
     ^
/usr/include/c++/5/bits/basic_string.h:4937:5: note:   template argument deduction/substitution failed:
super_magic.cpp:68:63: note:   ‘std::unordered_map<int, std::pair<int, int> >::iterator {aka std::__detail::_Node_iterator<std::pair<const int, std::pair<int, int> >, false, false>}’ is not derived from ‘const std::__cxx11::basic_string<_CharT, _Traits, _Alloc>’
             if (newAdjList[c.first].find(i) == newAdjList.end()) {
                                                               ^
In file included from /usr/include/c++/5/string:52:0,
                 from /usr/include/c++/5/stdexcept:39,
                 from /usr/include/c++/5/array:38,
                 from /usr/include/c++/5/tuple:39,
                 from /usr/include/c++/5/unordered_map:41,
                 from super_magic.cpp:1:
/usr/include/c++/5/bits/basic_string.h:4925:5: note: candidate: template<class _CharT, class _Traits, class _Alloc> bool std::operator==(const _CharT*, const std::__cxx11::basic_string<_CharT, _Traits, _Alloc>&)
     operator==(const _CharT* __lhs,
     ^
/usr/include/c++/5/bits/basic_string.h:4925:5: note:   template argument deduction/substitution failed:
super_magic.cpp:68:63: note:   mismatched types ‘const _CharT*’ and ‘std::__detail::_Node_iterator<std::pair<const int, std::pair<int, int> >, false, false>’
             if (newAdjList[c.first].find(i) == newAdjList.end()) {
                                                               ^
In file included from /usr/include/c++/5/string:52:0,
                 from /usr/include/c++/5/stdexcept:39,
                 from /usr/include/c++/5/array:38,
                 from /usr/include/c++/5/tuple:39,
                 from /usr/include/c++/5/unordered_map:41,
                 from super_magic.cpp:1:
/usr/include/c++/5/bits/basic_string.h:4911:5: note: candidate: template<class _CharT> typename __gnu_cxx::__enable_if<std::__is_char<_Tp>::__value, bool>::__type std::operator==(const std::__cxx11::basic_string<_CharT>&, const std::__cxx11::basic_string<_CharT>&)
     operator==(const basic_string<_CharT>& __lhs,
     ^
/usr/include/c++/5/bits/basic_string.h:4911:5: note:   template argument deduction/substitution failed:
super_magic.cpp:68:63: note:   ‘std::unordered_map<int, std::pair<int, int> >::iterator {aka std::__detail::_Node_iterator<std::pair<const int, std::pair<int, int> >, false, false>}’ is not derived from ‘const std::__cxx11::basic_string<_CharT>’
             if (newAdjList[c.first].find(i) == newAdjList.end()) {
                                                               ^
In file included from /usr/include/c++/5/string:52:0,
                 from /usr/include/c++/5/stdexcept:39,
                 from /usr/include/c++/5/array:38,
                 from /usr/include/c++/5/tuple:39,
                 from /usr/include/c++/5/unordered_map:41,
                 from super_magic.cpp:1:
/usr/include/c++/5/bits/basic_string.h:4904:5: note: candidate: template<class _CharT, class _Traits, class _Alloc> bool std::operator==(const std::__cxx11::basic_string<_CharT, _Traits, _Alloc>&, const std::__cxx11::basic_string<_CharT, _Traits, _Alloc>&)
     operator==(const basic_string<_CharT, _Traits, _Alloc>& __lhs,
     ^
/usr/include/c++/5/bits/basic_string.h:4904:5: note:   template argument deduction/substitution failed:
super_magic.cpp:68:63: note:   ‘std::unordered_map<int, std::pair<int, int> >::iterator {aka std::__detail::_Node_iterator<std::pair<const int, std::pair<int, int> >, false, false>}’ is not derived from ‘const std::__cxx11::basic_string<_CharT, _Traits, _Alloc>’
             if (newAdjList[c.first].find(i) == newAdjList.end()) {
                                                               ^
In file included from /usr/include/c++/5/string:41:0,
                 from /usr/include/c++/5/stdexcept:39,
                 from /usr/include/c++/5/array:38,
                 from /usr/include/c++/5/tuple:39,
                 from /usr/include/c++/5/unordered_map:41,
                 from super_magic.cpp:1:
/usr/include/c++/5/bits/allocator.h:134:5: note: candidate: template<class _Tp> bool std::operator==(const std::allocator<_CharT>&, const std::allocator<_CharT>&)
     operator==(const allocator<_Tp>&, const allocator<_Tp>&)
     ^
/usr/include/c++/5/bits/allocator.h:134:5: note:   template argument deduction/substitution failed:
super_magic.cpp:68:63: note:   ‘std::unordered_map<int, std::pair<int, int> >::iterator {aka std::__detail::_Node_iterator<std::pair<const int, std::pair<int, int> >, false, false>}’ is not derived from ‘const std::allocator<_CharT>’
             if (newAdjList[c.first].find(i) == newAdjList.end()) {
                                                               ^
In file included from /usr/include/c++/5/string:41:0,
                 from /usr/include/c++/5/stdexcept:39,
                 from /usr/include/c++/5/array:38,
                 from /usr/include/c++/5/tuple:39,
                 from /usr/include/c++/5/unordered_map:41,
                 from super_magic.cpp:1:
/usr/include/c++/5/bits/allocator.h:128:5: note: candidate: template<class _T1, class _T2> bool std::operator==(const std::allocator<_CharT>&, const std::allocator<_T2>&)
     operator==(const allocator<_T1>&, const allocator<_T2>&)
     ^
/usr/include/c++/5/bits/allocator.h:128:5: note:   template argument deduction/substitution failed:
super_magic.cpp:68:63: note:   ‘std::unordered_map<int, std::pair<int, int> >::iterator {aka std::__detail::_Node_iterator<std::pair<const int, std::pair<int, int> >, false, false>}’ is not derived from ‘const std::allocator<_CharT>’
             if (newAdjList[c.first].find(i) == newAdjList.end()) {
                                                               ^
In file included from /usr/include/c++/5/bits/char_traits.h:40:0,
                 from /usr/include/c++/5/string:40,
                 from /usr/include/c++/5/stdexcept:39,
                 from /usr/include/c++/5/array:38,
                 from /usr/include/c++/5/tuple:39,
                 from /usr/include/c++/5/unordered_map:41,
                 from super_magic.cpp:1:
/usr/include/c++/5/bits/postypes.h:216:5: note: candidate: template<class _StateT> bool std::operator==(const std::fpos<_StateT>&, const std::fpos<_StateT>&)
     operator==(const fpos<_StateT>& __lhs, const fpos<_StateT>& __rhs)
     ^
/usr/include/c++/5/bits/postypes.h:216:5: note:   template argument deduction/substitution failed:
super_magic.cpp:68:63: note:   ‘std::unordered_map<int, std::pair<int, int> >::iterator {aka std::__detail::_Node_iterator<std::pair<const int, std::pair<int, int> >, false, false>}’ is not derived from ‘const std::fpos<_StateT>’
             if (newAdjList[c.first].find(i) == newAdjList.end()) {
                                                               ^
In file included from /usr/include/c++/5/bits/stl_algobase.h:67:0,
                 from /usr/include/c++/5/bits/char_traits.h:39,
                 from /usr/include/c++/5/string:40,
                 from /usr/include/c++/5/stdexcept:39,
                 from /usr/include/c++/5/array:38,
                 from /usr/include/c++/5/tuple:39,
                 from /usr/include/c++/5/unordered_map:41,
                 from super_magic.cpp:1:
/usr/include/c++/5/bits/stl_iterator.h:1071:5: note: candidate: template<class _Iterator> bool std::operator==(const std::move_iterator<_Iterator>&, const std::move_iterator<_Iterator>&)
     operator==(const move_iterator<_Iterator>& __x,
     ^
/usr/include/c++/5/bits/stl_iterator.h:1071:5: note:   template argument deduction/substitution failed:
super_magic.cpp:68:63: note:   ‘std::unordered_map<int, std::pair<int, int> >::iterator {aka std::__detail::_Node_iterator<std::pair<const int, std::pair<int, int> >, false, false>}’ is not derived from ‘const std::move_iterator<_Iterator>’
             if (newAdjList[c.first].find(i) == newAdjList.end()) {
                                                               ^
In file included from /usr/include/c++/5/bits/stl_algobase.h:67:0,
                 from /usr/include/c++/5/bits/char_traits.h:39,
                 from /usr/include/c++/5/string:40,
                 from /usr/include/c++/5/stdexcept:39,
                 from /usr/include/c++/5/array:38,
                 from /usr/include/c++/5/tuple:39,
                 from /usr/include/c++/5/unordered_map:41,
                 from super_magic.cpp:1:
/usr/include/c++/5/bits/stl_iterator.h:1065:5: note: candidate: template<class _IteratorL, class _IteratorR> bool std::operator==(const std::move_iterator<_Iterator>&, const std::move_iterator<_IteratorR>&)
     operator==(const move_iterator<_IteratorL>& __x,
     ^
/usr/include/c++/5/bits/stl_iterator.h:1065:5: note:   template argument deduction/substitution failed:
super_magic.cpp:68:63: note:   ‘std::unordered_map<int, std::pair<int, int> >::iterator {aka std::__detail::_Node_iterator<std::pair<const int, std::pair<int, int> >, false, false>}’ is not derived from ‘const std::move_iterator<_Iterator>’
             if (newAdjList[c.first].find(i) == newAdjList.end()) {
                                                               ^
In file included from /usr/include/c++/5/bits/stl_algobase.h:67:0,
                 from /usr/include/c++/5/bits/char_traits.h:39,
                 from /usr/include/c++/5/string:40,
                 from /usr/include/c++/5/stdexcept:39,
                 from /usr/include/c++/5/array:38,
                 from /usr/include/c++/5/tuple:39,
                 from /usr/include/c++/5/unordered_map:41,
                 from super_magic.cpp:1:
/usr/include/c++/5/bits/stl_iterator.h:342:5: note: candidate: template<class _IteratorL, class _IteratorR> bool std::operator==(const std::reverse_iterator<_Iterator>&, const std::reverse_iterator<_IteratorR>&)
     operator==(const reverse_iterator<_IteratorL>& __x,
     ^
/usr/include/c++/5/bits/stl_iterator.h:342:5: note:   template argument deduction/substitution failed:
super_magic.cpp:68:63: note:   ‘std::unordered_map<int, std::pair<int, int> >::iterator {aka std::__detail::_Node_iterator<std::pair<const int, std::pair<int, int> >, false, false>}’ is not derived from ‘const std::reverse_iterator<_Iterator>’
             if (newAdjList[c.first].find(i) == newAdjList.end()) {
                                                               ^
In file included from /usr/include/c++/5/bits/stl_algobase.h:67:0,
                 from /usr/include/c++/5/bits/char_traits.h:39,
                 from /usr/include/c++/5/string:40,
                 from /usr/include/c++/5/stdexcept:39,
                 from /usr/include/c++/5/array:38,
                 from /usr/include/c++/5/tuple:39,
                 from /usr/include/c++/5/unordered_map:41,
                 from super_magic.cpp:1:
/usr/include/c++/5/bits/stl_iterator.h:292:5: note: candidate: template<class _Iterator> bool std::operator==(const std::reverse_iterator<_Iterator>&, const std::reverse_iterator<_Iterator>&)
     operator==(const reverse_iterator<_Iterator>& __x,
     ^
/usr/include/c++/5/bits/stl_iterator.h:292:5: note:   template argument deduction/substitution failed:
super_magic.cpp:68:63: note:   ‘std::unordered_map<int, std::pair<int, int> >::iterator {aka std::__detail::_Node_iterator<std::pair<const int, std::pair<int, int> >, false, false>}’ is not derived from ‘const std::reverse_iterator<_Iterator>’
             if (newAdjList[c.first].find(i) == newAdjList.end()) {
                                                               ^
In file included from /usr/include/c++/5/utility:70:0,
                 from /usr/include/c++/5/unordered_map:38,
                 from super_magic.cpp:1:
/usr/include/c++/5/bits/stl_pair.h:214:5: note: candidate: template<class _T1, class _T2> constexpr bool std::operator==(const std::pair<_T1, _T2>&, const std::pair<_T1, _T2>&)
     operator==(const pair<_T1, _T2>& __x, const pair<_T1, _T2>& __y)
     ^
/usr/include/c++/5/bits/stl_pair.h:214:5: note:   template argument deduction/substitution failed:
super_magic.cpp:68:63: note:   ‘std::unordered_map<int, std::pair<int, int> >::iterator {aka std::__detail::_Node_iterator<std::pair<const int, std::pair<int, int> >, false, false>}’ is not derived from ‘const std::pair<_T1, _T2>’
             if (newAdjList[c.first].find(i) == newAdjList.end()) {
                                                               ^
In file included from /usr/include/c++/5/bits/hashtable.h:35:0,
                 from /usr/include/c++/5/unordered_map:47,
                 from super_magic.cpp:1:
/usr/include/c++/5/bits/hashtable_policy.h:1500:5: note: candidate: template<class _Key, class _Value, class _ExtractKey, class _H1, class _H2, class _Hash, bool __cache> bool std::__detail::operator==(const std::__detail::_Local_iterator_base<_Key, _Value, _ExtractKey, _H1, _H2, _Hash, __cache>&, const std::__detail::_Local_iterator_base<_Key, _Value, _ExtractKey, _H1, _H2, _Hash, __cache>&)
     operator==(const _Local_iterator_base<_Key, _Value, _ExtractKey,
     ^
/usr/include/c++/5/bits/hashtable_policy.h:1500:5: note:   template argument deduction/substitution failed:
super_magic.cpp:68:63: note:   ‘std::unordered_map<int, std::pair<int, int> >::iterator {aka std::__detail::_Node_iterator<std::pair<const int, std::pair<int, int> >, false, false>}’ is not derived from ‘const std::__detail::_Local_iterator_base<_Key, _Value, _ExtractKey, _H1, _H2, _Hash, __cache>’
             if (newAdjList[c.first].find(i) == newAdjList.end()) {
                                                               ^
In file included from /usr/include/c++/5/bits/hashtable.h:35:0,
                 from /usr/include/c++/5/unordered_map:47,
                 from super_magic.cpp:1:
/usr/include/c++/5/bits/hashtable_policy.h:317:5: note: candidate: template<class _Value, bool _Cache_hash_code> bool std::__detail::operator==(const std::__detail::_Node_iterator_base<_Value, _Cache_hash_code>&, const std::__detail::_Node_iterator_base<_Value, _Cache_hash_code>&)
     operator==(const _Node_iterator_base<_Value, _Cache_hash_code>& __x,
     ^
/usr/include/c++/5/bits/hashtable_policy.h:317:5: note:   template argument deduction/substitution failed:
super_magic.cpp:68:63: note:   ‘std::vector<std::unordered_map<int, std::pair<int, int> > >::iterator {aka __gnu_cxx::__normal_iterator<std::unordered_map<int, std::pair<int, int> >*, std::vector<std::unordered_map<int, std::pair<int, int> > > >}’ is not derived from ‘const std::__detail::_Node_iterator_base<_Value, _Cache_hash_code>’
             if (newAdjList[c.first].find(i) == newAdjList.end()) {
                                                               ^
In file included from /usr/include/x86_64-linux-gnu/c++/5/bits/c++allocator.h:33:0,
                 from /usr/include/c++/5/bits/allocator.h:46,
                 from /usr/include/c++/5/string:41,
                 from /usr/include/c++/5/stdexcept:39,
                 from /usr/include/c++/5/array:38,
                 from /usr/include/c++/5/tuple:39,
                 from /usr/include/c++/5/unordered_map:41,
                 from super_magic.cpp:1:
/usr/include/c++/5/ext/new_allocator.h:139:5: note: candidate: template<class _Tp> bool __gnu_cxx::operator==(const __gnu_cxx::new_allocator<_Tp>&, const __gnu_cxx::new_allocator<_Tp>&)
     operator==(const new_allocator<_Tp>&, const new_allocator<_Tp>&)
     ^
/usr/include/c++/5/ext/new_allocator.h:139:5: note:   template argument deduction/substitution failed:
super_magic.cpp:68:63: note:   ‘std::unordered_map<int, std::pair<int, int> >::iterator {aka std::__detail::_Node_iterator<std::pair<const int, std::pair<int, int> >, false, false>}’ is not derived from ‘const __gnu_cxx::new_allocator<_Tp>’
             if (newAdjList[c.first].find(i) == newAdjList.end()) {
                                                               ^
In file included from /usr/include/c++/5/bits/stl_algobase.h:67:0,
                 from /usr/include/c++/5/bits/char_traits.h:39,
                 from /usr/include/c++/5/string:40,
                 from /usr/include/c++/5/stdexcept:39,
                 from /usr/include/c++/5/array:38,
                 from /usr/include/c++/5/tuple:39,
                 from /usr/include/c++/5/unordered_map:41,
                 from super_magic.cpp:1:
/usr/include/c++/5/bits/stl_iterator.h:827:5: note: candidate: template<class _Iterator, class _Container> bool __gnu_cxx::operator==(const __gnu_cxx::__normal_iterator<_Iterator, _Container>&, const __gnu_cxx::__normal_iterator<_Iterator, _Container>&)
     operator==(const __normal_iterator<_Iterator, _Container>& __lhs,
     ^
/usr/include/c++/5/bits/stl_iterator.h:827:5: note:   template argument deduction/substitution failed:
super_magic.cpp:68:63: note:   ‘std::unordered_map<int, std::pair<int, int> >::iterator {aka std::__detail::_Node_iterator<std::pair<const int, std::pair<int, int> >, false, false>}’ is not derived from ‘const __gnu_cxx::__normal_iterator<_Iterator, _Container>’
             if (newAdjList[c.first].find(i) == newAdjList.end()) {
                                                               ^
In file included from /usr/include/c++/5/bits/stl_algobase.h:67:0,
                 from /usr/include/c++/5/bits/char_traits.h:39,
                 from /usr/include/c++/5/string:40,
                 from /usr/include/c++/5/stdexcept:39,
                 from /usr/include/c++/5/array:38,
                 from /usr/include/c++/5/tuple:39,
                 from /usr/include/c++/5/unordered_map:41,
                 from super_magic.cpp:1:
/usr/include/c++/5/bits/stl_iterator.h:820:5: note: candidate: template<class _IteratorL, class _IteratorR, class _Container> bool __gnu_cxx::operator==(const __gnu_cxx::__normal_iterator<_IteratorL, _Container>&, const __gnu_cxx::__normal_iterator<_IteratorR, _Container>&)
     operator==(const __normal_iterator<_IteratorL, _Container>& __lhs,
     ^
/usr/include/c++/5/bits/stl_iterator.h:820:5: note:   template argument deduction/substitution failed:
super_magic.cpp:68:63: note:   ‘std::unordered_map<int, std::pair<int, int> >::iterator {aka std::__detail::_Node_iterator<std::pair<const int, std::pair<int, int> >, false, false>}’ is not derived from ‘const __gnu_cxx::__normal_iterator<_IteratorL, _Container>’
             if (newAdjList[c.first].find(i) == newAdjList.end()) {
                                                               ^
